<?xml version="1.0" encoding="UTF-8"?>
<testng-results ignored="0" total="9" passed="5" failed="4" skipped="0">
  <reporter-output>
  </reporter-output>
  <suite started-at="2023-04-09T22:48:29 IST" name="Default suite" finished-at="2023-04-09T22:49:48 IST" duration-ms="78156">
    <groups>
    </groups>
    <test started-at="2023-04-09T22:48:29 IST" name="Default test" finished-at="2023-04-09T22:49:48 IST" duration-ms="78156">
      <class name="com.zohocrm.testScript.CreateCampaigns">
        <test-method is-config="true" signature="openBrowser()[pri:0, instance:com.zohocrm.testScript.CreateCampaigns@243c4f91]" started-at="2023-04-09T22:48:30 IST" name="openBrowser" finished-at="2023-04-09T22:48:34 IST" duration-ms="4828" status="PASS">
          <reporter-output>
          </reporter-output>
        </test-method> <!-- openBrowser -->
        <test-method is-config="true" signature="logIn()[pri:0, instance:com.zohocrm.testScript.CreateCampaigns@243c4f91]" started-at="2023-04-09T22:48:34 IST" name="logIn" finished-at="2023-04-09T22:48:38 IST" duration-ms="3607" status="PASS">
          <reporter-output>
          </reporter-output>
        </test-method> <!-- logIn -->
        <test-method signature="homePage()[pri:0, instance:com.zohocrm.testScript.CreateCampaigns@243c4f91]" started-at="2023-04-09T22:48:38 IST" name="homePage" finished-at="2023-04-09T22:48:38 IST" duration-ms="60" status="PASS">
          <reporter-output>
          </reporter-output>
        </test-method> <!-- homePage -->
        <test-method is-config="true" signature="logOut()[pri:0, instance:com.zohocrm.testScript.CreateCampaigns@243c4f91]" started-at="2023-04-09T22:48:38 IST" name="logOut" finished-at="2023-04-09T22:48:38 IST" duration-ms="378" status="PASS">
          <reporter-output>
          </reporter-output>
        </test-method> <!-- logOut -->
        <test-method is-config="true" signature="logIn()[pri:0, instance:com.zohocrm.testScript.CreateCampaigns@243c4f91]" started-at="2023-04-09T22:48:38 IST" name="logIn" finished-at="2023-04-09T22:48:41 IST" duration-ms="2488" status="PASS">
          <reporter-output>
          </reporter-output>
        </test-method> <!-- logIn -->
        <test-method signature="campaigns()[pri:1, instance:com.zohocrm.testScript.CreateCampaigns@243c4f91]" started-at="2023-04-09T22:48:41 IST" name="campaigns" finished-at="2023-04-09T22:48:42 IST" duration-ms="1539" status="PASS">
          <reporter-output>
          </reporter-output>
        </test-method> <!-- campaigns -->
        <test-method is-config="true" signature="logOut()[pri:0, instance:com.zohocrm.testScript.CreateCampaigns@243c4f91]" started-at="2023-04-09T22:48:43 IST" name="logOut" finished-at="2023-04-09T22:48:43 IST" duration-ms="459" status="PASS">
          <reporter-output>
          </reporter-output>
        </test-method> <!-- logOut -->
        <test-method is-config="true" signature="logIn()[pri:0, instance:com.zohocrm.testScript.CreateCampaigns@243c4f91]" started-at="2023-04-09T22:48:43 IST" name="logIn" finished-at="2023-04-09T22:48:45 IST" duration-ms="2421" status="PASS">
          <reporter-output>
          </reporter-output>
        </test-method> <!-- logIn -->
        <test-method signature="newCampaign()[pri:2, instance:com.zohocrm.testScript.CreateCampaigns@243c4f91]" started-at="2023-04-09T22:48:45 IST" name="newCampaign" finished-at="2023-04-09T22:48:48 IST" duration-ms="2343" status="PASS">
          <reporter-output>
          </reporter-output>
        </test-method> <!-- newCampaign -->
        <test-method is-config="true" signature="logOut()[pri:0, instance:com.zohocrm.testScript.CreateCampaigns@243c4f91]" started-at="2023-04-09T22:48:48 IST" name="logOut" finished-at="2023-04-09T22:48:48 IST" duration-ms="403" status="PASS">
          <reporter-output>
          </reporter-output>
        </test-method> <!-- logOut -->
        <test-method is-config="true" signature="logIn()[pri:0, instance:com.zohocrm.testScript.CreateCampaigns@243c4f91]" started-at="2023-04-09T22:48:48 IST" name="logIn" finished-at="2023-04-09T22:48:51 IST" duration-ms="2545" status="PASS">
          <reporter-output>
          </reporter-output>
        </test-method> <!-- logIn -->
        <test-method signature="createNewCamp()[pri:3, instance:com.zohocrm.testScript.CreateCampaigns@243c4f91]" started-at="2023-04-09T22:48:51 IST" name="createNewCamp" finished-at="2023-04-09T22:48:57 IST" duration-ms="6815" status="PASS">
          <reporter-output>
          </reporter-output>
        </test-method> <!-- createNewCamp -->
        <test-method is-config="true" signature="logOut()[pri:0, instance:com.zohocrm.testScript.CreateCampaigns@243c4f91]" started-at="2023-04-09T22:48:57 IST" name="logOut" finished-at="2023-04-09T22:48:58 IST" duration-ms="445" status="PASS">
          <reporter-output>
          </reporter-output>
        </test-method> <!-- logOut -->
        <test-method is-config="true" signature="logIn()[pri:0, instance:com.zohocrm.testScript.CreateCampaigns@243c4f91]" started-at="2023-04-09T22:48:58 IST" name="logIn" finished-at="2023-04-09T22:49:01 IST" duration-ms="2981" status="PASS">
          <reporter-output>
          </reporter-output>
        </test-method> <!-- logIn -->
        <test-method signature="numaricalValue()[pri:4, instance:com.zohocrm.testScript.CreateCampaigns@243c4f91]" started-at="2023-04-09T22:49:01 IST" name="numaricalValue" finished-at="2023-04-09T22:49:14 IST" duration-ms="13446" status="FAIL">
          <exception class="java.lang.AssertionError">
            <message>
              <![CDATA[did not expect [Zoho CRM - Campaign Details] but found [Zoho CRM - Campaign Details]]]>
            </message>
            <full-stacktrace>
              <![CDATA[java.lang.AssertionError: did not expect [Zoho CRM - Campaign Details] but found [Zoho CRM - Campaign Details]
at org.testng.Assert.fail(Assert.java:99)
at org.testng.Assert.failEquals(Assert.java:1041)
at org.testng.Assert.assertNotEqualsImpl(Assert.java:147)
at org.testng.Assert.assertNotEquals(Assert.java:1531)
at org.testng.Assert.assertNotEquals(Assert.java:1535)
at com.zohocrm.testScript.CreateCampaigns.numaricalValue(CreateCampaigns.java:117)
at java.base/jdk.internal.reflect.DirectMethodHandleAccessor.invoke(DirectMethodHandleAccessor.java:104)
at java.base/java.lang.reflect.Method.invoke(Method.java:578)
at org.testng.internal.MethodInvocationHelper.invokeMethod(MethodInvocationHelper.java:133)
at org.testng.internal.TestInvoker.invokeMethod(TestInvoker.java:598)
at org.testng.internal.TestInvoker.invokeTestMethod(TestInvoker.java:173)
at org.testng.internal.MethodRunner.runInSequence(MethodRunner.java:46)
at org.testng.internal.TestInvoker$MethodInvocationAgent.invoke(TestInvoker.java:824)
at org.testng.internal.TestInvoker.invokeTestMethods(TestInvoker.java:146)
at org.testng.internal.TestMethodWorker.invokeTestMethods(TestMethodWorker.java:146)
at org.testng.internal.TestMethodWorker.run(TestMethodWorker.java:128)
at java.base/java.util.ArrayList.forEach(ArrayList.java:1511)
at org.testng.TestRunner.privateRun(TestRunner.java:794)
at org.testng.TestRunner.run(TestRunner.java:596)
at org.testng.SuiteRunner.runTest(SuiteRunner.java:377)
at org.testng.SuiteRunner.runSequentially(SuiteRunner.java:371)
at org.testng.SuiteRunner.privateRun(SuiteRunner.java:332)
at org.testng.SuiteRunner.run(SuiteRunner.java:276)
at org.testng.SuiteRunnerWorker.runSuite(SuiteRunnerWorker.java:53)
at org.testng.SuiteRunnerWorker.run(SuiteRunnerWorker.java:96)
at org.testng.TestNG.runSuitesSequentially(TestNG.java:1212)
at org.testng.TestNG.runSuitesLocally(TestNG.java:1134)
at org.testng.TestNG.runSuites(TestNG.java:1063)
at org.testng.TestNG.run(TestNG.java:1031)
at org.testng.remote.AbstractRemoteTestNG.run(AbstractRemoteTestNG.java:115)
at org.testng.remote.RemoteTestNG.initAndRun(RemoteTestNG.java:251)
at org.testng.remote.RemoteTestNG.main(RemoteTestNG.java:77)
]]>
            </full-stacktrace>
          </exception> <!-- java.lang.AssertionError -->
          <reporter-output>
          </reporter-output>
        </test-method> <!-- numaricalValue -->
        <test-method is-config="true" signature="logOut()[pri:0, instance:com.zohocrm.testScript.CreateCampaigns@243c4f91]" started-at="2023-04-09T22:49:15 IST" name="logOut" finished-at="2023-04-09T22:49:16 IST" duration-ms="610" status="PASS">
          <reporter-output>
          </reporter-output>
        </test-method> <!-- logOut -->
        <test-method is-config="true" signature="logIn()[pri:0, instance:com.zohocrm.testScript.CreateCampaigns@243c4f91]" started-at="2023-04-09T22:49:16 IST" name="logIn" finished-at="2023-04-09T22:49:19 IST" duration-ms="2927" status="PASS">
          <reporter-output>
          </reporter-output>
        </test-method> <!-- logIn -->
        <test-method signature="alphaNumaricValue()[pri:5, instance:com.zohocrm.testScript.CreateCampaigns@243c4f91]" started-at="2023-04-09T22:49:19 IST" name="alphaNumaricValue" finished-at="2023-04-09T22:49:24 IST" duration-ms="5155" status="FAIL">
          <exception class="java.lang.AssertionError">
            <message>
              <![CDATA[did not expect [Zoho CRM - Campaign Details] but found [Zoho CRM - Campaign Details]]]>
            </message>
            <full-stacktrace>
              <![CDATA[java.lang.AssertionError: did not expect [Zoho CRM - Campaign Details] but found [Zoho CRM - Campaign Details]
at org.testng.Assert.fail(Assert.java:99)
at org.testng.Assert.failEquals(Assert.java:1041)
at org.testng.Assert.assertNotEqualsImpl(Assert.java:147)
at org.testng.Assert.assertNotEquals(Assert.java:1531)
at org.testng.Assert.assertNotEquals(Assert.java:1535)
at com.zohocrm.testScript.CreateCampaigns.alphaNumaricValue(CreateCampaigns.java:143)
at java.base/jdk.internal.reflect.DirectMethodHandleAccessor.invoke(DirectMethodHandleAccessor.java:104)
at java.base/java.lang.reflect.Method.invoke(Method.java:578)
at org.testng.internal.MethodInvocationHelper.invokeMethod(MethodInvocationHelper.java:133)
at org.testng.internal.TestInvoker.invokeMethod(TestInvoker.java:598)
at org.testng.internal.TestInvoker.invokeTestMethod(TestInvoker.java:173)
at org.testng.internal.MethodRunner.runInSequence(MethodRunner.java:46)
at org.testng.internal.TestInvoker$MethodInvocationAgent.invoke(TestInvoker.java:824)
at org.testng.internal.TestInvoker.invokeTestMethods(TestInvoker.java:146)
at org.testng.internal.TestMethodWorker.invokeTestMethods(TestMethodWorker.java:146)
at org.testng.internal.TestMethodWorker.run(TestMethodWorker.java:128)
at java.base/java.util.ArrayList.forEach(ArrayList.java:1511)
at org.testng.TestRunner.privateRun(TestRunner.java:794)
at org.testng.TestRunner.run(TestRunner.java:596)
at org.testng.SuiteRunner.runTest(SuiteRunner.java:377)
at org.testng.SuiteRunner.runSequentially(SuiteRunner.java:371)
at org.testng.SuiteRunner.privateRun(SuiteRunner.java:332)
at org.testng.SuiteRunner.run(SuiteRunner.java:276)
at org.testng.SuiteRunnerWorker.runSuite(SuiteRunnerWorker.java:53)
at org.testng.SuiteRunnerWorker.run(SuiteRunnerWorker.java:96)
at org.testng.TestNG.runSuitesSequentially(TestNG.java:1212)
at org.testng.TestNG.runSuitesLocally(TestNG.java:1134)
at org.testng.TestNG.runSuites(TestNG.java:1063)
at org.testng.TestNG.run(TestNG.java:1031)
at org.testng.remote.AbstractRemoteTestNG.run(AbstractRemoteTestNG.java:115)
at org.testng.remote.RemoteTestNG.initAndRun(RemoteTestNG.java:251)
at org.testng.remote.RemoteTestNG.main(RemoteTestNG.java:77)
]]>
            </full-stacktrace>
          </exception> <!-- java.lang.AssertionError -->
          <reporter-output>
          </reporter-output>
        </test-method> <!-- alphaNumaricValue -->
        <test-method is-config="true" signature="logOut()[pri:0, instance:com.zohocrm.testScript.CreateCampaigns@243c4f91]" started-at="2023-04-09T22:49:24 IST" name="logOut" finished-at="2023-04-09T22:49:25 IST" duration-ms="523" status="PASS">
          <reporter-output>
          </reporter-output>
        </test-method> <!-- logOut -->
        <test-method is-config="true" signature="logIn()[pri:0, instance:com.zohocrm.testScript.CreateCampaigns@243c4f91]" started-at="2023-04-09T22:49:25 IST" name="logIn" finished-at="2023-04-09T22:49:27 IST" duration-ms="2665" status="PASS">
          <reporter-output>
          </reporter-output>
        </test-method> <!-- logIn -->
        <test-method signature="blankValue()[pri:6, instance:com.zohocrm.testScript.CreateCampaigns@243c4f91]" started-at="2023-04-09T22:49:27 IST" name="blankValue" finished-at="2023-04-09T22:49:30 IST" duration-ms="2820" status="PASS">
          <reporter-output>
          </reporter-output>
        </test-method> <!-- blankValue -->
        <test-method is-config="true" signature="logOut()[pri:0, instance:com.zohocrm.testScript.CreateCampaigns@243c4f91]" started-at="2023-04-09T22:49:30 IST" name="logOut" finished-at="2023-04-09T22:49:31 IST" duration-ms="672" status="PASS">
          <reporter-output>
          </reporter-output>
        </test-method> <!-- logOut -->
        <test-method is-config="true" signature="logIn()[pri:0, instance:com.zohocrm.testScript.CreateCampaigns@243c4f91]" started-at="2023-04-09T22:49:31 IST" name="logIn" finished-at="2023-04-09T22:49:33 IST" duration-ms="2460" status="PASS">
          <reporter-output>
          </reporter-output>
        </test-method> <!-- logIn -->
        <test-method signature="specialCharacterValue()[pri:7, instance:com.zohocrm.testScript.CreateCampaigns@243c4f91]" started-at="2023-04-09T22:49:33 IST" name="specialCharacterValue" finished-at="2023-04-09T22:49:38 IST" duration-ms="4224" status="FAIL">
          <exception class="java.lang.AssertionError">
            <message>
              <![CDATA[did not expect [Zoho CRM - Campaign Details] but found [Zoho CRM - Campaign Details]]]>
            </message>
            <full-stacktrace>
              <![CDATA[java.lang.AssertionError: did not expect [Zoho CRM - Campaign Details] but found [Zoho CRM - Campaign Details]
at org.testng.Assert.fail(Assert.java:99)
at org.testng.Assert.failEquals(Assert.java:1041)
at org.testng.Assert.assertNotEqualsImpl(Assert.java:147)
at org.testng.Assert.assertNotEquals(Assert.java:1531)
at org.testng.Assert.assertNotEquals(Assert.java:1535)
at com.zohocrm.testScript.CreateCampaigns.specialCharacterValue(CreateCampaigns.java:195)
at java.base/jdk.internal.reflect.DirectMethodHandleAccessor.invoke(DirectMethodHandleAccessor.java:104)
at java.base/java.lang.reflect.Method.invoke(Method.java:578)
at org.testng.internal.MethodInvocationHelper.invokeMethod(MethodInvocationHelper.java:133)
at org.testng.internal.TestInvoker.invokeMethod(TestInvoker.java:598)
at org.testng.internal.TestInvoker.invokeTestMethod(TestInvoker.java:173)
at org.testng.internal.MethodRunner.runInSequence(MethodRunner.java:46)
at org.testng.internal.TestInvoker$MethodInvocationAgent.invoke(TestInvoker.java:824)
at org.testng.internal.TestInvoker.invokeTestMethods(TestInvoker.java:146)
at org.testng.internal.TestMethodWorker.invokeTestMethods(TestMethodWorker.java:146)
at org.testng.internal.TestMethodWorker.run(TestMethodWorker.java:128)
at java.base/java.util.ArrayList.forEach(ArrayList.java:1511)
at org.testng.TestRunner.privateRun(TestRunner.java:794)
at org.testng.TestRunner.run(TestRunner.java:596)
at org.testng.SuiteRunner.runTest(SuiteRunner.java:377)
at org.testng.SuiteRunner.runSequentially(SuiteRunner.java:371)
at org.testng.SuiteRunner.privateRun(SuiteRunner.java:332)
at org.testng.SuiteRunner.run(SuiteRunner.java:276)
at org.testng.SuiteRunnerWorker.runSuite(SuiteRunnerWorker.java:53)
at org.testng.SuiteRunnerWorker.run(SuiteRunnerWorker.java:96)
at org.testng.TestNG.runSuitesSequentially(TestNG.java:1212)
at org.testng.TestNG.runSuitesLocally(TestNG.java:1134)
at org.testng.TestNG.runSuites(TestNG.java:1063)
at org.testng.TestNG.run(TestNG.java:1031)
at org.testng.remote.AbstractRemoteTestNG.run(AbstractRemoteTestNG.java:115)
at org.testng.remote.RemoteTestNG.initAndRun(RemoteTestNG.java:251)
at org.testng.remote.RemoteTestNG.main(RemoteTestNG.java:77)
]]>
            </full-stacktrace>
          </exception> <!-- java.lang.AssertionError -->
          <reporter-output>
          </reporter-output>
        </test-method> <!-- specialCharacterValue -->
        <test-method is-config="true" signature="logOut()[pri:0, instance:com.zohocrm.testScript.CreateCampaigns@243c4f91]" started-at="2023-04-09T22:49:38 IST" name="logOut" finished-at="2023-04-09T22:49:39 IST" duration-ms="476" status="PASS">
          <reporter-output>
          </reporter-output>
        </test-method> <!-- logOut -->
        <test-method is-config="true" signature="logIn()[pri:0, instance:com.zohocrm.testScript.CreateCampaigns@243c4f91]" started-at="2023-04-09T22:49:39 IST" name="logIn" finished-at="2023-04-09T22:49:41 IST" duration-ms="2330" status="PASS">
          <reporter-output>
          </reporter-output>
        </test-method> <!-- logIn -->
        <test-method signature="emojisValue()[pri:8, instance:com.zohocrm.testScript.CreateCampaigns@243c4f91]" started-at="2023-04-09T22:49:41 IST" name="emojisValue" finished-at="2023-04-09T22:49:46 IST" duration-ms="5344" status="FAIL">
          <exception class="java.lang.AssertionError">
            <message>
              <![CDATA[did not expect [Zoho CRM - Campaign Details] but found [Zoho CRM - Campaign Details]]]>
            </message>
            <full-stacktrace>
              <![CDATA[java.lang.AssertionError: did not expect [Zoho CRM - Campaign Details] but found [Zoho CRM - Campaign Details]
at org.testng.Assert.fail(Assert.java:99)
at org.testng.Assert.failEquals(Assert.java:1041)
at org.testng.Assert.assertNotEqualsImpl(Assert.java:147)
at org.testng.Assert.assertNotEquals(Assert.java:1531)
at org.testng.Assert.assertNotEquals(Assert.java:1535)
at com.zohocrm.testScript.CreateCampaigns.emojisValue(CreateCampaigns.java:222)
at java.base/jdk.internal.reflect.DirectMethodHandleAccessor.invoke(DirectMethodHandleAccessor.java:104)
at java.base/java.lang.reflect.Method.invoke(Method.java:578)
at org.testng.internal.MethodInvocationHelper.invokeMethod(MethodInvocationHelper.java:133)
at org.testng.internal.TestInvoker.invokeMethod(TestInvoker.java:598)
at org.testng.internal.TestInvoker.invokeTestMethod(TestInvoker.java:173)
at org.testng.internal.MethodRunner.runInSequence(MethodRunner.java:46)
at org.testng.internal.TestInvoker$MethodInvocationAgent.invoke(TestInvoker.java:824)
at org.testng.internal.TestInvoker.invokeTestMethods(TestInvoker.java:146)
at org.testng.internal.TestMethodWorker.invokeTestMethods(TestMethodWorker.java:146)
at org.testng.internal.TestMethodWorker.run(TestMethodWorker.java:128)
at java.base/java.util.ArrayList.forEach(ArrayList.java:1511)
at org.testng.TestRunner.privateRun(TestRunner.java:794)
at org.testng.TestRunner.run(TestRunner.java:596)
at org.testng.SuiteRunner.runTest(SuiteRunner.java:377)
at org.testng.SuiteRunner.runSequentially(SuiteRunner.java:371)
at org.testng.SuiteRunner.privateRun(SuiteRunner.java:332)
at org.testng.SuiteRunner.run(SuiteRunner.java:276)
at org.testng.SuiteRunnerWorker.runSuite(SuiteRunnerWorker.java:53)
at org.testng.SuiteRunnerWorker.run(SuiteRunnerWorker.java:96)
at org.testng.TestNG.runSuitesSequentially(TestNG.java:1212)
at org.testng.TestNG.runSuitesLocally(TestNG.java:1134)
at org.testng.TestNG.runSuites(TestNG.java:1063)
at org.testng.TestNG.run(TestNG.java:1031)
at org.testng.remote.AbstractRemoteTestNG.run(AbstractRemoteTestNG.java:115)
at org.testng.remote.RemoteTestNG.initAndRun(RemoteTestNG.java:251)
at org.testng.remote.RemoteTestNG.main(RemoteTestNG.java:77)
]]>
            </full-stacktrace>
          </exception> <!-- java.lang.AssertionError -->
          <reporter-output>
          </reporter-output>
        </test-method> <!-- emojisValue -->
        <test-method is-config="true" signature="logOut()[pri:0, instance:com.zohocrm.testScript.CreateCampaigns@243c4f91]" started-at="2023-04-09T22:49:47 IST" name="logOut" finished-at="2023-04-09T22:49:47 IST" duration-ms="436" status="PASS">
          <reporter-output>
          </reporter-output>
        </test-method> <!-- logOut -->
        <test-method is-config="true" signature="closeBrowser()[pri:0, instance:com.zohocrm.testScript.CreateCampaigns@243c4f91]" started-at="2023-04-09T22:49:47 IST" name="closeBrowser" finished-at="2023-04-09T22:49:48 IST" duration-ms="444" status="PASS">
          <reporter-output>
          </reporter-output>
        </test-method> <!-- closeBrowser -->
      </class> <!-- com.zohocrm.testScript.CreateCampaigns -->
    </test> <!-- Default test -->
  </suite> <!-- Default suite -->
</testng-results>
